[2025-07-30T02:15:26.549Z] Starting: npm run dev (Process ID: frontend-debug)
[2025-07-30T02:15:26.549Z] [frontend-debug] âœ… Starting development server...
[2025-07-30T02:15:26.656Z] [frontend-debug] 
> aws-amplify-gen2@0.1.0 dev
> next dev

[2025-07-30T02:15:27.007Z] [frontend-debug]   â–² Next.js 14.2.10
[2025-07-30T02:15:27.008Z] [frontend-debug] ğŸ” Detected port: 3000
[2025-07-30T02:15:27.008Z] [frontend-debug]   - Local:        http://localhost:3000

 âœ“ Starting...
[2025-07-30T02:15:27.008Z] [frontend-debug] âœ… Server ready on http://localhost:3000
[2025-07-30T02:15:27.008Z] [frontend-debug] â³ Waiting 1000ms before launching browser...
[2025-07-30T02:15:27.960Z] [frontend-debug]  âœ“ Ready in 1012ms
[2025-07-30T02:15:28.010Z] [frontend-debug] âœ… Launching test browser...
[2025-07-30T02:15:28.015Z] [frontend-debug] [ERROR] Failed to launch browser: browserType.launch: Executable doesn't exist at /Users/sammanbhetwal/Library/Caches/ms-playwright/chromium-1181/chrome-mac/Chromium.app/Contents/MacOS/Chromium
â•”â•â•â•â•â•â•â•â•â•â•â•â•â•â•â•â•â•â•â•â•â•â•â•â•â•â•â•â•â•â•â•â•â•â•â•â•â•â•â•â•â•â•â•â•â•â•â•â•â•â•â•â•â•â•â•â•â•â•â•â•â•â•â•â•â•â•â•â•â•â•â•â•â•â•—
â•‘ Looks like Playwright Test or Playwright was just installed or updated. â•‘
â•‘ Please run the following command to download new browsers:              â•‘
â•‘                                                                         â•‘
â•‘     npx playwright install                                              â•‘
â•‘                                                                         â•‘
â•‘ <3 Playwright Team                                                      â•‘
â•šâ•â•â•â•â•â•â•â•â•â•â•â•â•â•â•â•â•â•â•â•â•â•â•â•â•â•â•â•â•â•â•â•â•â•â•â•â•â•â•â•â•â•â•â•â•â•â•â•â•â•â•â•â•â•â•â•â•â•â•â•â•â•â•â•â•â•â•â•â•â•â•â•â•â•
[2025-07-30T02:15:44.905Z] [frontend-debug] [ERROR] Browserslist: caniuse-lite is outdated. Please run:
  npx update-browserslist-db@latest
  Why you should do it regularly: https://github.com/browserslist/update-db#readme
[2025-07-30T02:15:44.935Z] [frontend-debug]  â—‹ Compiling / ...
[2025-07-30T02:15:46.513Z] [frontend-debug]  âœ“ Compiled / in 2.2s (1638 modules)
[2025-07-30T02:15:46.624Z] [frontend-debug]  GET / 200 in 2314ms
[2025-07-30T02:15:47.094Z] [frontend-debug] [ERROR] <w> [webpack.cache.PackFileCacheStrategy] Caching failed for pack: Error: Unable to snapshot resolve dependencies
[2025-07-30T02:15:47.867Z] [frontend-debug] [ERROR] <w> [webpack.cache.PackFileCacheStrategy] Caching failed for pack: Error: Unable to snapshot resolve dependencies
[2025-07-30T02:17:20.764Z] [frontend-debug]  GET / 200 in 32ms
[2025-07-30T02:17:21.581Z] [frontend-debug]  âœ“ Compiled /_not-found in 308ms (1649 modules)
[2025-07-30T02:17:21.657Z] [frontend-debug]  GET /favicon.ico 200 in 387ms
[2025-07-30T02:17:21.658Z] [frontend-debug]  GET /icon-192.png 404 in 355ms
