[2025-07-30T02:27:31.230Z] Starting: npm run dev (Process ID: frontend-dev)
[2025-07-30T02:27:31.314Z] [frontend-dev] 
> aws-amplify-gen2@0.1.0 dev
> next dev

[2025-07-30T02:27:31.576Z] [frontend-dev]   â–² Next.js 14.2.10
[2025-07-30T02:27:31.576Z] [frontend-dev]   - Local:        http://localhost:3000

 âœ“ Starting...
[2025-07-30T02:27:32.405Z] [frontend-dev]  âœ“ Ready in 884ms
[2025-07-30T02:27:56.281Z] [frontend-dev]  â—‹ Compiling / ...
[2025-07-30T02:27:56.384Z] [frontend-dev] [ERROR] Browserslist: caniuse-lite is outdated. Please run:
  npx update-browserslist-db@latest
  Why you should do it regularly: https://github.com/browserslist/update-db#readme
[2025-07-30T02:27:57.967Z] [frontend-dev]  âœ“ Compiled / in 2.2s (1638 modules)
[2025-07-30T02:27:58.071Z] [frontend-dev]  GET / 200 in 2299ms
[2025-07-30T02:27:58.698Z] [frontend-dev] [ERROR] <w> [webpack.cache.PackFileCacheStrategy] Caching failed for pack: Error: Unable to snapshot resolve dependencies
[2025-07-30T02:27:58.859Z] [frontend-dev]  âœ“ Compiled /_not-found in 301ms (1649 modules)
[2025-07-30T02:27:58.930Z] [frontend-dev]  GET /favicon.ico 200 in 385ms
[2025-07-30T02:27:58.937Z] [frontend-dev]  GET /icon-192.png 404 in 366ms
[2025-07-30T02:28:00.178Z] [frontend-dev] [ERROR] <w> [webpack.cache.PackFileCacheStrategy] Caching failed for pack: Error: Unable to snapshot resolve dependencies
[2025-07-30T02:28:52.719Z] [frontend-dev]  âœ“ Compiled /login in 293ms (1667 modules)
[2025-07-30T02:28:52.888Z] [frontend-dev]  GET /icon-192.png 404 in 65ms
[2025-07-30T02:29:28.449Z] [frontend-dev]  âœ“ Compiled in 115ms (1638 modules)
[2025-07-30T02:29:42.908Z] [frontend-dev]  âœ“ Compiled in 140ms (1638 modules)
[2025-07-30T02:29:58.163Z] [frontend-dev]  âœ“ Compiled in 85ms (1635 modules)
[2025-07-30T02:30:10.685Z] [frontend-dev]  âœ“ Compiled in 83ms (1635 modules)
[2025-07-30T02:30:58.182Z] [frontend-dev]  âœ“ Compiled in 145ms (1635 modules)
[2025-07-30T02:31:58.673Z] [frontend-dev] [ERROR] <w> [webpack.cache.PackFileCacheStrategy] Caching failed for pack: Error: Unable to snapshot resolve dependencies
[2025-07-30T02:31:58.714Z] [frontend-dev] [ERROR] <w> [webpack.cache.PackFileCacheStrategy] Caching failed for pack: Error: Unable to snapshot resolve dependencies
[2025-07-30T02:34:23.586Z] [frontend-dev]  GET / 200 in 113ms
[2025-07-30T02:34:24.250Z] [frontend-dev]  âœ“ Compiled /_not-found in 173ms (1638 modules)
[2025-07-30T02:34:24.304Z] [frontend-dev]  GET /icon-192.png 404 in 228ms
[2025-07-30T02:35:24.797Z] [frontend-dev] [ERROR] <w> [webpack.cache.PackFileCacheStrategy] Caching failed for pack: Error: Unable to snapshot resolve dependencies
[2025-07-30T02:35:24.826Z] [frontend-dev] [ERROR] <w> [webpack.cache.PackFileCacheStrategy] Caching failed for pack: Error: Unable to snapshot resolve dependencies
[2025-07-30T02:36:04.142Z] [frontend-dev] [ERROR]  â¨¯ ./components/landing/Hero.tsx
Error: 
  [31mx[0m Unexpected token `section`. Expected jsx identifier
    ,-[[36;1;4m/Users/sammanbhetwal/Documents/Repos/CHI/Samman-1st-Amplify-App/components/landing/Hero.tsx[0m:6:1]
 [2m 6[0m | 
 [2m 7[0m | const Hero = () => {
 [2m 8[0m |   return (
 [2m 9[0m |     <section className="relative min-h-screen flex items-center justify-center overflow-hidden bg-gradient-to-b from-gray-900 via-purple-900/10 to-gray-900">
    : [31;1m     ^^^^^^^[0m
 [2m10[0m |       {/* Animated background gradient */}
 [2m11[0m |       <div className="absolute inset-0 bg-gradient-to-br from-purple-600/20 via-transparent to-blue-600/20 animate-pulse"></div>
 [2m12[0m |       
    `----

Caused by:
    Syntax Error

Import trace for requested module:
./components/landing/Hero.tsx
./components/landing/LandingPage.tsx
[2025-07-30T02:36:54.466Z] [frontend-dev] [ERROR]  â¨¯ ./components/landing/Hero.tsx
Error: 
  [31mx[0m Unexpected token `section`. Expected jsx identifier
    ,-[[36;1;4m/Users/sammanbhetwal/Documents/Repos/CHI/Samman-1st-Amplify-App/components/landing/Hero.tsx[0m:6:1]
 [2m 6[0m | 
 [2m 7[0m | const Hero = () => {
 [2m 8[0m |   return (
 [2m 9[0m |     <section className="relative min-h-screen flex items-center justify-center overflow-hidden bg-gradient-to-b from-gray-900 via-purple-900/10 to-gray-900">
    : [31;1m     ^^^^^^^[0m
 [2m10[0m |       {/* Animated background gradient */}
 [2m11[0m |       <div className="absolute inset-0 bg-gradient-to-br from-purple-600/20 via-transparent to-blue-600/20 animate-pulse"></div>
 [2m12[0m |       
    `----

Caused by:
    Syntax Error

Import trace for requested module:
./components/landing/Hero.tsx
./components/landing/LandingPage.tsx
[2025-07-30T02:37:41.367Z] [frontend-dev] [ERROR]  â¨¯ ./components/landing/Hero.tsx
Error: 
  [31mx[0m Unexpected token `section`. Expected jsx identifier
    ,-[[36;1;4m/Users/sammanbhetwal/Documents/Repos/CHI/Samman-1st-Amplify-App/components/landing/Hero.tsx[0m:6:1]
 [2m 6[0m | 
 [2m 7[0m | const Hero = () => {
 [2m 8[0m |   return (
 [2m 9[0m |     <section className="relative min-h-screen flex items-center justify-center overflow-hidden bg-gradient-to-b from-gray-900 via-purple-900/10 to-gray-900">
    : [31;1m     ^^^^^^^[0m
 [2m10[0m |       {/* Animated background gradient */}
 [2m11[0m |       <div className="absolute inset-0 bg-gradient-to-br from-purple-600/20 via-transparent to-blue-600/20 animate-pulse"></div>
 [2m12[0m |       
    `----

Caused by:
    Syntax Error

Import trace for requested module:
./components/landing/Hero.tsx
./components/landing/LandingPage.tsx
[2025-07-30T02:38:32.972Z] [frontend-dev] [ERROR]  â¨¯ ./components/landing/Hero.tsx
Error: 
  [31mx[0m Unexpected token `section`. Expected jsx identifier
    ,-[[36;1;4m/Users/sammanbhetwal/Documents/Repos/CHI/Samman-1st-Amplify-App/components/landing/Hero.tsx[0m:6:1]
 [2m 6[0m | 
 [2m 7[0m | const Hero = () => {
 [2m 8[0m |   return (
 [2m 9[0m |     <section className="relative min-h-screen flex items-center justify-center overflow-hidden bg-gradient-to-b from-gray-900 via-purple-900/10 to-gray-900">
    : [31;1m     ^^^^^^^[0m
 [2m10[0m |       {/* Animated background gradient */}
 [2m11[0m |       <div className="absolute inset-0 bg-gradient-to-br from-purple-600/20 via-transparent to-blue-600/20 animate-pulse"></div>
 [2m12[0m |       
    `----

Caused by:
    Syntax Error

Import trace for requested module:
./components/landing/Hero.tsx
./components/landing/LandingPage.tsx
[2025-07-30T02:39:24.571Z] [frontend-dev] [ERROR]  â¨¯ ./components/landing/Hero.tsx
Error: 
  [31mx[0m Unexpected token `section`. Expected jsx identifier
    ,-[[36;1;4m/Users/sammanbhetwal/Documents/Repos/CHI/Samman-1st-Amplify-App/components/landing/Hero.tsx[0m:6:1]
 [2m 6[0m | 
 [2m 7[0m | const Hero = () => {
 [2m 8[0m |   return (
 [2m 9[0m |     <section className="relative min-h-screen flex items-center justify-center overflow-hidden bg-gradient-to-b from-gray-900 via-purple-900/10 to-gray-900">
    : [31;1m     ^^^^^^^[0m
 [2m10[0m |       {/* Animated background gradient */}
 [2m11[0m |       <div className="absolute inset-0 bg-gradient-to-br from-purple-600/20 via-transparent to-blue-600/20 animate-pulse"></div>
 [2m12[0m |       
    `----

Caused by:
    Syntax Error

Import trace for requested module:
./components/landing/Hero.tsx
./components/landing/LandingPage.tsx
[2025-07-30T02:39:49.872Z] [frontend-dev]  âœ“ Compiled in 92ms (1637 modules)
[2025-07-30T02:40:18.846Z] [frontend-dev]  GET / 200 in 104ms
[2025-07-30T02:40:19.461Z] [frontend-dev]  âœ“ Compiled /favicon.ico in 185ms (1671 modules)
[2025-07-30T02:40:19.607Z] [frontend-dev]  GET /favicon.ico 200 in 337ms
[2025-07-30T02:40:19.609Z] [frontend-dev]  GET /icon-192.png 404 in 335ms
[2025-07-30T02:41:19.908Z] [frontend-dev] [ERROR] <w> [webpack.cache.PackFileCacheStrategy] Caching failed for pack: Error: Unable to snapshot resolve dependencies
[2025-07-30T02:41:20.034Z] [frontend-dev] [ERROR] <w> [webpack.cache.PackFileCacheStrategy] Caching failed for pack: Error: Unable to snapshot resolve dependencies
[2025-07-30T02:44:09.872Z] Restarting: npm run dev (Process ID: frontend-dev)
[2025-07-30T02:44:09.964Z] [frontend-dev] 
> aws-amplify-gen2@0.1.0 dev
> next dev

[2025-07-30T02:44:10.224Z] [frontend-dev]   â–² Next.js 14.2.10
[2025-07-30T02:44:10.224Z] [frontend-dev]   - Local:        http://localhost:3000

 âœ“ Starting...
[2025-07-30T02:44:11.028Z] [frontend-dev]  âœ“ Ready in 858ms
[2025-07-30T02:44:26.742Z] [frontend-dev]  â—‹ Compiling / ...
[2025-07-30T02:44:28.728Z] [frontend-dev] [ERROR]  â¨¯ ./app/app.css.webpack[javascript/auto]!=!./node_modules/next/dist/build/webpack/loaders/css-loader/src/index.js??ruleSet[1].rules[13].oneOf[12].use[2]!./node_modules/next/dist/build/webpack/loaders/postcss-loader/src/index.js??ruleSet[1].rules[13].oneOf[12].use[3]!./app/app.css
Error: It looks like you're trying to use `tailwindcss` directly as a PostCSS plugin. The PostCSS plugin has moved to a separate package, so to continue using Tailwind CSS with PostCSS you'll need to install `@tailwindcss/postcss` and update your PostCSS configuration.
Import trace for requested module:
./app/app.css.webpack[javascript/auto]!=!./node_modules/next/dist/build/webpack/loaders/css-loader/src/index.js??ruleSet[1].rules[13].oneOf[12].use[2]!./node_modules/next/dist/build/webpack/loaders/postcss-loader/src/index.js??ruleSet[1].rules[13].oneOf[12].use[3]!./app/app.css
./app/app.css
[2025-07-30T02:44:29.822Z] [frontend-dev] [ERROR] <w> [webpack.cache.PackFileCacheStrategy] Caching failed for pack: Error: Unable to snapshot resolve dependencies
[2025-07-30T02:44:29.920Z] [frontend-dev] [ERROR]  â¨¯ ./app/app.css.webpack[javascript/auto]!=!./node_modules/next/dist/build/webpack/loaders/css-loader/src/index.js??ruleSet[1].rules[13].oneOf[12].use[2]!./node_modules/next/dist/build/webpack/loaders/postcss-loader/src/index.js??ruleSet[1].rules[13].oneOf[12].use[3]!./app/app.css
Error: It looks like you're trying to use `tailwindcss` directly as a PostCSS plugin. The PostCSS plugin has moved to a separate package, so to continue using Tailwind CSS with PostCSS you'll need to install `@tailwindcss/postcss` and update your PostCSS configuration.
Import trace for requested module:
./app/app.css.webpack[javascript/auto]!=!./node_modules/next/dist/build/webpack/loaders/css-loader/src/index.js??ruleSet[1].rules[13].oneOf[12].use[2]!./node_modules/next/dist/build/webpack/loaders/postcss-loader/src/index.js??ruleSet[1].rules[13].oneOf[12].use[3]!./app/app.css
./app/app.css
[2025-07-30T02:44:29.991Z] [frontend-dev]  GET / 500 in 3758ms
[2025-07-30T02:44:30.442Z] [frontend-dev] [ERROR] <w> [webpack.cache.PackFileCacheStrategy] Caching failed for pack: Error: Unable to snapshot resolve dependencies
[2025-07-30T02:44:30.979Z] [frontend-dev] [ERROR] <w> [webpack.cache.PackFileCacheStrategy] Caching failed for pack: Error: Unable to snapshot resolve dependencies
[2025-07-30T02:44:43.686Z] [frontend-dev] [ERROR]  â¨¯ ./app/app.css.webpack[javascript/auto]!=!./node_modules/next/dist/build/webpack/loaders/css-loader/src/index.js??ruleSet[1].rules[13].oneOf[12].use[2]!./node_modules/next/dist/build/webpack/loaders/postcss-loader/src/index.js??ruleSet[1].rules[13].oneOf[12].use[3]!./app/app.css
Error: It looks like you're trying to use `tailwindcss` directly as a PostCSS plugin. The PostCSS plugin has moved to a separate package, so to continue using Tailwind CSS with PostCSS you'll need to install `@tailwindcss/postcss` and update your PostCSS configuration.
Import trace for requested module:
./app/app.css.webpack[javascript/auto]!=!./node_modules/next/dist/build/webpack/loaders/css-loader/src/index.js??ruleSet[1].rules[13].oneOf[12].use[2]!./node_modules/next/dist/build/webpack/loaders/postcss-loader/src/index.js??ruleSet[1].rules[13].oneOf[12].use[3]!./app/app.css
./app/app.css
[2025-07-30T02:44:47.956Z] [frontend-dev] [ERROR]  â¨¯ ./app/app.css.webpack[javascript/auto]!=!./node_modules/next/dist/build/webpack/loaders/css-loader/src/index.js??ruleSet[1].rules[13].oneOf[12].use[2]!./node_modules/next/dist/build/webpack/loaders/postcss-loader/src/index.js??ruleSet[1].rules[13].oneOf[12].use[3]!./app/app.css
Error: It looks like you're trying to use `tailwindcss` directly as a PostCSS plugin. The PostCSS plugin has moved to a separate package, so to continue using Tailwind CSS with PostCSS you'll need to install `@tailwindcss/postcss` and update your PostCSS configuration.
Import trace for requested module:
./app/app.css.webpack[javascript/auto]!=!./node_modules/next/dist/build/webpack/loaders/css-loader/src/index.js??ruleSet[1].rules[13].oneOf[12].use[2]!./node_modules/next/dist/build/webpack/loaders/postcss-loader/src/index.js??ruleSet[1].rules[13].oneOf[12].use[3]!./app/app.css
./app/app.css
[2025-07-30T02:44:54.960Z] Restarting: npm run dev (Process ID: frontend-dev)
[2025-07-30T02:44:55.072Z] [frontend-dev] 
> aws-amplify-gen2@0.1.0 dev
> next dev

[2025-07-30T02:44:55.331Z] [frontend-dev]   â–² Next.js 14.2.10
[2025-07-30T02:44:55.331Z] [frontend-dev]   - Local:        http://localhost:3000

 âœ“ Starting...
[2025-07-30T02:44:56.166Z] [frontend-dev]  âœ“ Ready in 888ms
[2025-07-30T02:46:02.938Z] [frontend-dev]  â—‹ Compiling / ...
[2025-07-30T02:46:04.690Z] [frontend-dev]  âœ“ Compiled / in 2.3s (1642 modules)
[2025-07-30T02:46:04.796Z] [frontend-dev]  GET / 200 in 2411ms
[2025-07-30T02:46:04.881Z] [frontend-dev]  âœ“ Compiled in 141ms (812 modules)
[2025-07-30T02:46:05.228Z] [frontend-dev] [ERROR] <w> [webpack.cache.PackFileCacheStrategy] Caching failed for pack: Error: Unable to snapshot resolve dependencies
[2025-07-30T02:46:06.225Z] [frontend-dev] [ERROR] <w> [webpack.cache.PackFileCacheStrategy] Caching failed for pack: Error: Unable to snapshot resolve dependencies
[2025-07-30T02:46:44.488Z] [frontend-dev]  GET / 200 in 39ms
[2025-07-30T02:46:45.359Z] [frontend-dev]  âœ“ Compiled /_not-found in 362ms (1653 modules)
[2025-07-30T02:46:45.452Z] [frontend-dev]  GET /favicon.ico 200 in 459ms
[2025-07-30T02:46:45.453Z] [frontend-dev]  GET /icon-192.png 404 in 443ms
[2025-07-30T02:46:52.460Z] [frontend-dev]  GET / 200 in 36ms
[2025-07-30T02:46:52.800Z] [frontend-dev]  GET /favicon.ico 200 in 8ms
[2025-07-30T02:46:52.826Z] [frontend-dev]  GET /icon-192.png 404 in 18ms
[2025-07-30T02:47:20.986Z] [frontend-dev]  âœ“ Compiled /explore in 231ms (1669 modules)
[2025-07-30T02:47:21.326Z] [frontend-dev]  âœ“ Compiled /login in 238ms (1681 modules)
[2025-07-30T02:47:21.386Z] [frontend-dev]  GET /icon-192.png 404 in 295ms
[2025-07-30T02:47:21.452Z] [frontend-dev]  GET /icon-192.png 404 in 15ms
[2025-07-30T02:47:48.297Z] [frontend-dev]  âœ“ Compiled /home in 179ms (1687 modules)
[2025-07-30T02:47:48.455Z] [frontend-dev]  GET /icon-192.png 404 in 51ms
[2025-07-30T02:48:02.542Z] [frontend-dev]  âœ“ Compiled /profile in 148ms (1662 modules)
[2025-07-30T02:48:02.695Z] [frontend-dev]  GET /icon-192.png 404 in 46ms
[2025-07-30T02:48:11.243Z] [frontend-dev]  â—‹ Compiling /create ...
[2025-07-30T02:48:11.315Z] [frontend-dev]  âœ“ Compiled /create in 608ms (1804 modules)
[2025-07-30T02:48:12.402Z] [frontend-dev] [ERROR] <w> [webpack.cache.PackFileCacheStrategy] Caching failed for pack: Error: Unable to snapshot resolve dependencies
[2025-07-30T02:48:42.200Z] [frontend-dev]  GET / 200 in 73ms
[2025-07-30T02:48:42.813Z] [frontend-dev]  GET /icon-192.png 404 in 34ms
[2025-07-30T02:48:43.954Z] [frontend-dev]  âœ“ Compiled /signup in 261ms (1806 modules)
[2025-07-30T02:48:44.085Z] [frontend-dev]  GET /icon-192.png 404 in 37ms
[2025-07-30T02:48:44.167Z] [frontend-dev]  GET /icon-192.png 404 in 12ms
[2025-07-30T02:48:46.104Z] [frontend-dev]  GET /icon-192.png 404 in 17ms
[2025-07-30T02:48:47.811Z] [frontend-dev]  GET /icon-192.png 404 in 22ms
[2025-07-30T02:48:49.130Z] [frontend-dev]  GET /icon-192.png 404 in 13ms
[2025-07-30T02:48:51.326Z] [frontend-dev]  GET /icon-192.png 404 in 17ms
[2025-07-30T02:48:54.130Z] [frontend-dev]  GET /icon-192.png 404 in 15ms
[2025-07-30T02:49:09.151Z] [frontend-dev]  GET /icon-192.png 404 in 18ms
[2025-07-30T02:49:11.220Z] [frontend-dev]  âœ“ Compiled /explore in 103ms (924 modules)
[2025-07-30T02:49:11.351Z] [frontend-dev]  GET /icon-192.png 404 in 53ms
[2025-07-30T02:49:44.332Z] [frontend-dev] [ERROR] <w> [webpack.cache.PackFileCacheStrategy] Caching failed for pack: Error: Unable to snapshot resolve dependencies
[2025-07-30T02:50:11.519Z] [frontend-dev] [ERROR] <w> [webpack.cache.PackFileCacheStrategy] Caching failed for pack: Error: Unable to snapshot resolve dependencies
[2025-07-30T02:50:33.111Z] [frontend-dev]  âœ“ Compiled in 257ms (1807 modules)
[2025-07-30T02:51:25.371Z] [frontend-dev]  âœ“ Compiled in 226ms (1807 modules)
[2025-07-30T02:52:25.894Z] [frontend-dev] [ERROR] <w> [webpack.cache.PackFileCacheStrategy] Caching failed for pack: Error: Unable to snapshot resolve dependencies
[2025-07-30T02:52:25.974Z] [frontend-dev] [ERROR] <w> [webpack.cache.PackFileCacheStrategy] Caching failed for pack: Error: Unable to snapshot resolve dependencies
[2025-07-30T02:53:08.099Z] [frontend-dev]  âœ“ Compiled in 173ms (899 modules)
[2025-07-30T02:54:08.488Z] [frontend-dev] [ERROR] <w> [webpack.cache.PackFileCacheStrategy] Caching failed for pack: Error: Unable to snapshot resolve dependencies
[2025-07-30T02:54:09.030Z] [frontend-dev] [ERROR]  â¨¯ ./app/home/page.tsx
Error: 
  [31mx[0m Expected ',', got 's'
    ,-[[36;1;4m/Users/sammanbhetwal/Documents/Repos/CHI/Samman-1st-Amplify-App/app/home/page.tsx[0m:28:1]
 [2m28[0m | const mockBlogPosts: BlogPost[] = [
 [2m29[0m |   {
 [2m30[0m |     id: '1',
 [2m31[0m |     title: 'Why Attack on Titan's Final Season is a Masterpiece',
    : [31;1m                                ^[0m
 [2m32[0m |     excerpt: 'An in-depth analysis of the storytelling, character development, and thematic brilliance that makes the final season of Attack on Titan one of the greatest anime conclusions ever...',
 [2m33[0m |     author: {
 [2m34[0m |       name: 'Sarah Chen',
    `----

Caused by:
    Syntax Error

Import trace for requested module:
./app/home/page.tsx
[2025-07-30T02:54:10.050Z] [frontend-dev]  â—‹ Compiling /_error ...
[2025-07-30T02:54:10.131Z] [frontend-dev] [ERROR]  â¨¯ ./app/home/page.tsx
Error: 
  [31mx[0m Expected ',', got 's'
    ,-[[36;1;4m/Users/sammanbhetwal/Documents/Repos/CHI/Samman-1st-Amplify-App/app/home/page.tsx[0m:28:1]
 [2m28[0m | const mockBlogPosts: BlogPost[] = [
 [2m29[0m |   {
 [2m30[0m |     id: '1',
 [2m31[0m |     title: 'Why Attack on Titan's Final Season is a Masterpiece',
    : [31;1m                                ^[0m
 [2m32[0m |     excerpt: 'An in-depth analysis of the storytelling, character development, and thematic brilliance that makes the final season of Attack on Titan one of the greatest anime conclusions ever...',
 [2m33[0m |     author: {
 [2m34[0m |       name: 'Sarah Chen',
    `----

Caused by:
    Syntax Error

Import trace for requested module:
./app/home/page.tsx
[2025-07-30T02:54:10.229Z] [frontend-dev]  GET /explore 500 in 4ms
[2025-07-30T02:54:11.048Z] [frontend-dev] [ERROR] <w> [webpack.cache.PackFileCacheStrategy] Caching failed for pack: Error: Unable to snapshot resolve dependencies
[2025-07-30T02:55:06.272Z] [frontend-dev] Process exited with code 0 and signal null
