[2025-08-04T19:29:20.738Z] Starting: npm run dev (Process ID: npm-dev152920log)
[2025-08-04T19:29:20.851Z] [npm-dev152920log] 
> aws-amplify-gen2@0.1.0 dev
> next dev

[2025-08-04T19:29:21.224Z] [npm-dev152920log]   ▲ Next.js 14.2.10
[2025-08-04T19:29:21.224Z] [npm-dev152920log]   - Local:        http://localhost:3000

 ✓ Starting...
[2025-08-04T19:29:22.209Z] [npm-dev152920log]  ✓ Ready in 1047ms
[2025-08-04T19:30:02.395Z] [npm-dev152920log]  ○ Compiling /home ...
[2025-08-04T19:30:06.031Z] [npm-dev152920log] [ERROR]  ⨯ ./node_modules/@aws-amplify/data-schema/dist/esm/runtime/index.mjs:1:1
Module not found: Can't resolve '@aws-amplify/data-schema-types'

https://nextjs.org/docs/messages/module-not-found

Import trace for requested module:
./node_modules/aws-amplify/node_modules/@aws-amplify/api-graphql/dist/esm/GraphQLAPI.mjs
./node_modules/aws-amplify/node_modules/@aws-amplify/api-graphql/dist/esm/index.mjs
./node_modules/aws-amplify/node_modules/@aws-amplify/api/dist/esm/index.mjs
./node_modules/aws-amplify/dist/esm/api/index.mjs
./app/home/page.tsx
[2025-08-04T19:30:06.155Z] [npm-dev152920log] [ERROR]  ⨯ ./node_modules/@aws-amplify/data-schema/dist/esm/runtime/index.mjs:1:1
Module not found: Can't resolve '@aws-amplify/data-schema-types'

https://nextjs.org/docs/messages/module-not-found

Import trace for requested module:
./node_modules/aws-amplify/node_modules/@aws-amplify/api-graphql/dist/esm/GraphQLAPI.mjs
./node_modules/aws-amplify/node_modules/@aws-amplify/api-graphql/dist/esm/index.mjs
./node_modules/aws-amplify/node_modules/@aws-amplify/api/dist/esm/index.mjs
./node_modules/aws-amplify/dist/esm/api/index.mjs
./app/home/page.tsx
[2025-08-04T19:30:07.251Z] [npm-dev152920log] [ERROR]  ⨯ ./node_modules/@aws-amplify/data-schema/dist/esm/runtime/index.mjs:1:1
Module not found: Can't resolve '@aws-amplify/data-schema-types'

https://nextjs.org/docs/messages/module-not-found

Import trace for requested module:
./node_modules/aws-amplify/node_modules/@aws-amplify/api-graphql/dist/esm/GraphQLAPI.mjs
./node_modules/aws-amplify/node_modules/@aws-amplify/api-graphql/dist/esm/index.mjs
./node_modules/aws-amplify/node_modules/@aws-amplify/api/dist/esm/index.mjs
./node_modules/aws-amplify/dist/esm/api/index.mjs
./app/home/page.tsx
[2025-08-04T19:30:07.322Z] [npm-dev152920log]  GET / 500 in 2057ms
[2025-08-04T19:30:07.434Z] [npm-dev152920log]  GET /.well-known/appspecific/com.chrome.devtools.json 500 in 74ms
[2025-08-04T19:30:08.936Z] [npm-dev152920log] [ERROR] <w> [webpack.cache.PackFileCacheStrategy] Caching failed for pack: Error: Unable to snapshot resolve dependencies
[2025-08-04T19:30:08.944Z] [npm-dev152920log] [ERROR] <w> [webpack.cache.PackFileCacheStrategy] Caching failed for pack: Error: Unable to snapshot resolve dependencies
[2025-08-04T19:30:09.157Z] [npm-dev152920log] [ERROR] <w> [webpack.cache.PackFileCacheStrategy] Caching failed for pack: Error: Unable to snapshot resolve dependencies
[2025-08-04T19:30:09.184Z] [npm-dev152920log] [ERROR] <w> [webpack.cache.PackFileCacheStrategy] Caching failed for pack: Error: Unable to snapshot resolve dependencies
